ERROR [org.apache.catalina.util.LifecycleBase] at org.apache.catalina.connector.Connector.startInternal(Connector.java:1008): Protocol handler start failed
at sun.nio.ch.Net.bind0(Native Method): Address already in use: bind
ERROR [org.springframework.boot.diagnostics.LoggingFailureAnalysisReporter] ***************************
APPLICATION FAILED TO START
***************************
Description:
The Tomcat connector configured to listen on port 8080 failed to start. The port may already be in use or the connector may be misconfigured.
Action:
Verify the connector's configuration, identify and stop any process that's listening on port 8080, or configure this application to listen on another port.
ERROR [org.apache.catalina.util.LifecycleBase] at org.apache.catalina.connector.Connector.startInternal(Connector.java:1008): Protocol handler start failed
at sun.nio.ch.Net.bind0(Native Method): Address already in use: bind
ERROR [org.springframework.boot.diagnostics.LoggingFailureAnalysisReporter] ***************************
APPLICATION FAILED TO START
***************************
Description:
The Tomcat connector configured to listen on port 8080 failed to start. The port may already be in use or the connector may be misconfigured.
Action:
Verify the connector's configuration, identify and stop any process that's listening on port 8080, or configure this application to listen on another port.
ERROR [org.apache.catalina.util.LifecycleBase] at org.apache.catalina.connector.Connector.startInternal(Connector.java:1008): Protocol handler start failed
at sun.nio.ch.Net.bind0(Native Method): Address already in use: bind
ERROR [org.springframework.boot.diagnostics.LoggingFailureAnalysisReporter] ***************************
APPLICATION FAILED TO START
***************************
Description:
The Tomcat connector configured to listen on port 8080 failed to start. The port may already be in use or the connector may be misconfigured.
Action:
Verify the connector's configuration, identify and stop any process that's listening on port 8080, or configure this application to listen on another port.
ERROR [org.apache.catalina.util.LifecycleBase] at org.apache.catalina.connector.Connector.startInternal(Connector.java:1008): Protocol handler start failed
at sun.nio.ch.Net.bind0(Native Method): Address already in use: bind
ERROR [org.springframework.boot.diagnostics.LoggingFailureAnalysisReporter] ***************************
APPLICATION FAILED TO START
***************************
Description:
The Tomcat connector configured to listen on port 8080 failed to start. The port may already be in use or the connector may be misconfigured.
Action:
Verify the connector's configuration, identify and stop any process that's listening on port 8080, or configure this application to listen on another port.
ERROR [org.apache.catalina.util.LifecycleBase] at org.apache.catalina.connector.Connector.startInternal(Connector.java:1008): Protocol handler start failed
at sun.nio.ch.Net.bind0(Native Method): Address already in use: bind
ERROR [org.springframework.boot.diagnostics.LoggingFailureAnalysisReporter] ***************************
APPLICATION FAILED TO START
***************************
Description:
The Tomcat connector configured to listen on port 8080 failed to start. The port may already be in use or the connector may be misconfigured.
Action:
Verify the connector's configuration, identify and stop any process that's listening on port 8080, or configure this application to listen on another port.
ERROR [org.apache.jsp.META_002dINF.views.framework.panic_jsp] HTTP GET /acme-incubator/META-INF/views/framework/page.jsp HTTP/1.1
ERROR [org.apache.jsp.META_002dINF.views.framework.panic_jsp] Status: 500
ERROR [org.apache.jsp.META_002dINF.views.framework.panic_jsp] Exception: acme.framework.helpers.Assert.state(Assert.java:40): Access is not authorised
ERROR [org.apache.catalina.core.ContainerBase.[Tomcat].[localhost].[/acme-incubator].[jsp]] at org.apache.jasper.compiler.DefaultErrorHandler.jspError(DefaultErrorHandler.java:42): /META-INF/views/anonymous/donaire-bulletin/list.jsp (line: [7], column: [1]) According to the TLD or the tag file, attribute [value] is mandatory for tag [print]
ERROR [org.apache.catalina.core.ContainerBase.[Tomcat].[localhost].[/acme-incubator].[jsp]] at org.apache.tiles.request.servlet.ServletUtil.wrapServletException(ServletUtil.java:63): JSPException including path '../anonymous/donaire-bulletin/list.jsp'.
at org.apache.jasper.compiler.DefaultErrorHandler.jspError(DefaultErrorHandler.java:42): /META-INF/views/anonymous/donaire-bulletin/list.jsp (line: [7], column: [1]) According to the TLD or the tag file, attribute [value] is mandatory for tag [print]
ERROR [org.apache.catalina.core.ContainerBase.[Tomcat].[localhost].[/acme-incubator].[dispatcherServlet]] at org.apache.jasper.compiler.DefaultErrorHandler.jspError(DefaultErrorHandler.java:42): /META-INF/views/anonymous/donaire-bulletin/list.jsp (line: [7], column: [1]) According to the TLD or the tag file, attribute [value] is mandatory for tag [print]
ERROR [org.apache.catalina.core.ContainerBase.[Tomcat].[localhost].[/acme-incubator].[jsp]] at org.apache.jasper.compiler.DefaultErrorHandler.jspError(DefaultErrorHandler.java:42): /META-INF/views/anonymous/donaire-bulletin/list.jsp (line: [7], column: [1]) According to the TLD or the tag file, attribute [value] is mandatory for tag [print]
ERROR [org.apache.catalina.core.ContainerBase.[Tomcat].[localhost].[/acme-incubator].[jsp]] at org.apache.tiles.request.servlet.ServletUtil.wrapServletException(ServletUtil.java:63): JSPException including path '../anonymous/donaire-bulletin/list.jsp'.
at org.apache.jasper.compiler.DefaultErrorHandler.jspError(DefaultErrorHandler.java:42): /META-INF/views/anonymous/donaire-bulletin/list.jsp (line: [7], column: [1]) According to the TLD or the tag file, attribute [value] is mandatory for tag [print]
ERROR [org.apache.catalina.core.ContainerBase.[Tomcat].[localhost].[/acme-incubator].[dispatcherServlet]] at org.apache.jasper.compiler.DefaultErrorHandler.jspError(DefaultErrorHandler.java:42): /META-INF/views/anonymous/donaire-bulletin/list.jsp (line: [7], column: [1]) According to the TLD or the tag file, attribute [value] is mandatory for tag [print]
ERROR [org.apache.catalina.core.ContainerBase.[Tomcat].[localhost].[/acme-incubator].[jsp]] at org.apache.jasper.compiler.DefaultErrorHandler.jspError(DefaultErrorHandler.java:42): /META-INF/views/anonymous/donaire-bulletin/form.jsp (line: [7], column: [1]) No tag [form-img] defined in tag library imported with prefix [acme]
ERROR [org.apache.catalina.core.ContainerBase.[Tomcat].[localhost].[/acme-incubator].[jsp]] at org.apache.tiles.request.servlet.ServletUtil.wrapServletException(ServletUtil.java:63): JSPException including path '../anonymous/donaire-bulletin/form.jsp'.
at org.apache.jasper.compiler.DefaultErrorHandler.jspError(DefaultErrorHandler.java:42): /META-INF/views/anonymous/donaire-bulletin/form.jsp (line: [7], column: [1]) No tag [form-img] defined in tag library imported with prefix [acme]
ERROR [org.apache.catalina.core.ContainerBase.[Tomcat].[localhost].[/acme-incubator].[dispatcherServlet]] at org.apache.jasper.compiler.DefaultErrorHandler.jspError(DefaultErrorHandler.java:42): /META-INF/views/anonymous/donaire-bulletin/form.jsp (line: [7], column: [1]) No tag [form-img] defined in tag library imported with prefix [acme]
ERROR [org.apache.catalina.core.ContainerBase.[Tomcat].[localhost].[/acme-incubator].[jsp]] at org.apache.jasper.compiler.DefaultErrorHandler.jspError(DefaultErrorHandler.java:42): /META-INF/views/anonymous/donaire-bulletin/list.jsp (line: [7], column: [1]) According to the TLD or the tag file, attribute [value] is mandatory for tag [print]
ERROR [org.apache.catalina.core.ContainerBase.[Tomcat].[localhost].[/acme-incubator].[jsp]] at org.apache.tiles.request.servlet.ServletUtil.wrapServletException(ServletUtil.java:63): JSPException including path '../anonymous/donaire-bulletin/list.jsp'.
at org.apache.jasper.compiler.DefaultErrorHandler.jspError(DefaultErrorHandler.java:42): /META-INF/views/anonymous/donaire-bulletin/list.jsp (line: [7], column: [1]) According to the TLD or the tag file, attribute [value] is mandatory for tag [print]
ERROR [org.apache.catalina.core.ContainerBase.[Tomcat].[localhost].[/acme-incubator].[dispatcherServlet]] at org.apache.jasper.compiler.DefaultErrorHandler.jspError(DefaultErrorHandler.java:42): /META-INF/views/anonymous/donaire-bulletin/list.jsp (line: [7], column: [1]) According to the TLD or the tag file, attribute [value] is mandatory for tag [print]
ERROR [org.apache.catalina.util.LifecycleBase] at org.apache.catalina.connector.Connector.startInternal(Connector.java:1008): Protocol handler start failed
at sun.nio.ch.Net.bind0(Native Method): Address already in use: bind
ERROR [org.springframework.boot.diagnostics.LoggingFailureAnalysisReporter] ***************************
APPLICATION FAILED TO START
***************************
Description:
The Tomcat connector configured to listen on port 8080 failed to start. The port may already be in use or the connector may be misconfigured.
Action:
Verify the connector's configuration, identify and stop any process that's listening on port 8080, or configure this application to listen on another port.
ERROR [org.apache.catalina.core.ContainerBase.[Tomcat].[localhost].[/acme-incubator].[jsp]] at org.apache.jasper.compiler.DefaultErrorHandler.jspError(DefaultErrorHandler.java:42): /META-INF/views/anonymous/donaire-bulletin/form.jsp (line: [7], column: [1]) No tag [form-img] defined in tag library imported with prefix [acme]
ERROR [org.apache.catalina.core.ContainerBase.[Tomcat].[localhost].[/acme-incubator].[jsp]] at org.apache.tiles.request.servlet.ServletUtil.wrapServletException(ServletUtil.java:63): JSPException including path '../anonymous/donaire-bulletin/form.jsp'.
at org.apache.jasper.compiler.DefaultErrorHandler.jspError(DefaultErrorHandler.java:42): /META-INF/views/anonymous/donaire-bulletin/form.jsp (line: [7], column: [1]) No tag [form-img] defined in tag library imported with prefix [acme]
ERROR [org.apache.catalina.core.ContainerBase.[Tomcat].[localhost].[/acme-incubator].[dispatcherServlet]] at org.apache.jasper.compiler.DefaultErrorHandler.jspError(DefaultErrorHandler.java:42): /META-INF/views/anonymous/donaire-bulletin/form.jsp (line: [7], column: [1]) No tag [form-img] defined in tag library imported with prefix [acme]
ERROR [org.apache.catalina.core.ContainerBase.[Tomcat].[localhost].[/acme-incubator].[jsp]] at java.net.URLClassLoader.findClass(URLClassLoader.java:382): org.apache.jsp.META_002dINF.views.anonymous.donaire_002dbulletin.form_jsp
ERROR [org.apache.catalina.core.ContainerBase.[Tomcat].[localhost].[/acme-incubator].[jsp]] at org.apache.tiles.request.servlet.ServletUtil.wrapServletException(ServletUtil.java:61): JSPException including path '../anonymous/donaire-bulletin/form.jsp'.
at java.net.URLClassLoader.findClass(URLClassLoader.java:382): org.apache.jsp.META_002dINF.views.anonymous.donaire_002dbulletin.form_jsp
ERROR [org.apache.catalina.core.ContainerBase.[Tomcat].[localhost].[/acme-incubator].[dispatcherServlet]] at java.net.URLClassLoader.findClass(URLClassLoader.java:382): org.apache.jsp.META_002dINF.views.anonymous.donaire_002dbulletin.form_jsp
ERROR [org.apache.catalina.core.ContainerBase.[Tomcat].[localhost].[/acme-incubator].[jsp]] at org.apache.jasper.compiler.DefaultErrorHandler.jspError(DefaultErrorHandler.java:42): /META-INF/views/anonymous/donaire-bulletin/form.jsp (line: [7], column: [1]) No tag [form-img] defined in tag library imported with prefix [acme]
ERROR [org.apache.catalina.core.ContainerBase.[Tomcat].[localhost].[/acme-incubator].[jsp]] at org.apache.tiles.request.servlet.ServletUtil.wrapServletException(ServletUtil.java:63): JSPException including path '../anonymous/donaire-bulletin/form.jsp'.
at org.apache.jasper.compiler.DefaultErrorHandler.jspError(DefaultErrorHandler.java:42): /META-INF/views/anonymous/donaire-bulletin/form.jsp (line: [7], column: [1]) No tag [form-img] defined in tag library imported with prefix [acme]
ERROR [org.apache.catalina.core.ContainerBase.[Tomcat].[localhost].[/acme-incubator].[dispatcherServlet]] at org.apache.jasper.compiler.DefaultErrorHandler.jspError(DefaultErrorHandler.java:42): /META-INF/views/anonymous/donaire-bulletin/form.jsp (line: [7], column: [1]) No tag [form-img] defined in tag library imported with prefix [acme]
ERROR [org.apache.catalina.util.LifecycleBase] at org.apache.catalina.connector.Connector.startInternal(Connector.java:1008): Protocol handler start failed
at sun.nio.ch.Net.bind0(Native Method): Address already in use: bind
ERROR [org.springframework.boot.diagnostics.LoggingFailureAnalysisReporter] ***************************
APPLICATION FAILED TO START
***************************
Description:
The Tomcat connector configured to listen on port 8080 failed to start. The port may already be in use or the connector may be misconfigured.
Action:
Verify the connector's configuration, identify and stop any process that's listening on port 8080, or configure this application to listen on another port.
ERROR [org.apache.catalina.core.ContainerBase.[Tomcat].[localhost].[/acme-incubator].[jsp]] at org.apache.jasper.compiler.DefaultErrorHandler.jspError(DefaultErrorHandler.java:42): /META-INF/views/anonymous/donaire-bulletin/list.jsp (line: [7], column: [1]) Attribute [code] invalid for tag [list] according to TLD
ERROR [org.apache.catalina.core.ContainerBase.[Tomcat].[localhost].[/acme-incubator].[jsp]] at org.apache.tiles.request.servlet.ServletUtil.wrapServletException(ServletUtil.java:63): JSPException including path '../anonymous/donaire-bulletin/list.jsp'.
at org.apache.jasper.compiler.DefaultErrorHandler.jspError(DefaultErrorHandler.java:42): /META-INF/views/anonymous/donaire-bulletin/list.jsp (line: [7], column: [1]) Attribute [code] invalid for tag [list] according to TLD
ERROR [org.apache.catalina.core.ContainerBase.[Tomcat].[localhost].[/acme-incubator].[dispatcherServlet]] at org.apache.jasper.compiler.DefaultErrorHandler.jspError(DefaultErrorHandler.java:42): /META-INF/views/anonymous/donaire-bulletin/list.jsp (line: [7], column: [1]) Attribute [code] invalid for tag [list] according to TLD
ERROR [org.apache.catalina.core.ContainerBase.[Tomcat].[localhost].[/acme-incubator].[jsp]] at org.apache.jasper.compiler.DefaultErrorHandler.jspError(DefaultErrorHandler.java:42): /META-INF/views/anonymous/donaire-bulletin/form.jsp (line: [7], column: [1]) According to the TLD or the tag file, attribute [value] is mandatory for tag [format]
ERROR [org.apache.catalina.core.ContainerBase.[Tomcat].[localhost].[/acme-incubator].[jsp]] at org.apache.tiles.request.servlet.ServletUtil.wrapServletException(ServletUtil.java:63): JSPException including path '../anonymous/donaire-bulletin/form.jsp'.
at org.apache.jasper.compiler.DefaultErrorHandler.jspError(DefaultErrorHandler.java:42): /META-INF/views/anonymous/donaire-bulletin/form.jsp (line: [7], column: [1]) According to the TLD or the tag file, attribute [value] is mandatory for tag [format]
ERROR [org.apache.catalina.core.ContainerBase.[Tomcat].[localhost].[/acme-incubator].[dispatcherServlet]] at org.apache.jasper.compiler.DefaultErrorHandler.jspError(DefaultErrorHandler.java:42): /META-INF/views/anonymous/donaire-bulletin/form.jsp (line: [7], column: [1]) According to the TLD or the tag file, attribute [value] is mandatory for tag [format]
WARN [org.springframework.boot.web.servlet.context.AnnotationConfigServletWebServerApplicationContext] Exception encountered during context initialization - cancelling refresh attempt: org.springframework.beans.factory.BeanCreationException: Error creating bean with name 'entityManagerFactory' defined in class path resource [org/springframework/boot/autoconfigure/orm/jpa/HibernateJpaConfiguration.class]: Invocation of init method failed; nested exception is javax.persistence.PersistenceException: [PersistenceUnit: default] Unable to build Hibernate SessionFactory; nested exception is org.hibernate.tool.schema.spi.SchemaManagementException: Schema-validation: missing table [tool_record]
ERROR [org.springframework.boot.SpringApplication] at org.springframework.beans.factory.support.AbstractAutowireCapableBeanFactory.initializeBean(AbstractAutowireCapableBeanFactory.java:1778): Error creating bean with name 'entityManagerFactory' defined in class path resource [org/springframework/boot/autoconfigure/orm/jpa/HibernateJpaConfiguration.class]: Invocation of init method failed; nested exception is javax.persistence.PersistenceException: [PersistenceUnit: default] Unable to build Hibernate SessionFactory; nested exception is org.hibernate.tool.schema.spi.SchemaManagementException: Schema-validation: missing table [tool_record]
at org.springframework.orm.jpa.AbstractEntityManagerFactoryBean.buildNativeEntityManagerFactory(AbstractEntityManagerFactoryBean.java:402): [PersistenceUnit: default] Unable to build Hibernate SessionFactory; nested exception is org.hibernate.tool.schema.spi.SchemaManagementException: Schema-validation: missing table [tool_record]
at org.hibernate.tool.schema.internal.AbstractSchemaValidator.validateTable(AbstractSchemaValidator.java:121): Schema-validation: missing table [tool_record]
ERROR [org.apache.jsp.META_002dINF.views.framework.panic_jsp] HTTP GET /acme-incubator/META-INF/views/framework/page.jsp HTTP/1.1
ERROR [org.apache.jsp.META_002dINF.views.framework.panic_jsp] Status: 500
ERROR [org.apache.jsp.META_002dINF.views.framework.panic_jsp] Exception: java.lang.AssertionError
ERROR [org.apache.jsp.META_002dINF.views.framework.panic_jsp] HTTP GET /acme-incubator/META-INF/views/framework/page.jsp HTTP/1.1
ERROR [org.apache.jsp.META_002dINF.views.framework.panic_jsp] Status: 500
ERROR [org.apache.jsp.META_002dINF.views.framework.panic_jsp] Exception: java.lang.AssertionError
ERROR [org.apache.jsp.META_002dINF.views.framework.panic_jsp] HTTP GET /acme-incubator/META-INF/views/framework/page.jsp HTTP/1.1
ERROR [org.apache.jsp.META_002dINF.views.framework.panic_jsp] Status: 500
ERROR [org.apache.jsp.META_002dINF.views.framework.panic_jsp] Exception: java.lang.AssertionError
ERROR [org.apache.jsp.META_002dINF.views.framework.panic_jsp] HTTP GET /acme-incubator/META-INF/views/framework/page.jsp HTTP/1.1
ERROR [org.apache.jsp.META_002dINF.views.framework.panic_jsp] Status: 500
ERROR [org.apache.jsp.META_002dINF.views.framework.panic_jsp] Exception: java.lang.AssertionError
ERROR [org.apache.jsp.META_002dINF.views.framework.panic_jsp] HTTP GET /acme-incubator/META-INF/views/framework/page.jsp HTTP/1.1
ERROR [org.apache.jsp.META_002dINF.views.framework.panic_jsp] Status: 500
ERROR [org.apache.jsp.META_002dINF.views.framework.panic_jsp] Exception: java.lang.AssertionError
ERROR [org.apache.jsp.META_002dINF.views.framework.panic_jsp] HTTP GET /acme-incubator/META-INF/views/framework/page.jsp HTTP/1.1
ERROR [org.apache.jsp.META_002dINF.views.framework.panic_jsp] Status: 500
ERROR [org.apache.jsp.META_002dINF.views.framework.panic_jsp] Exception: java.lang.AssertionError
ERROR [org.apache.jsp.META_002dINF.views.framework.panic_jsp] HTTP GET /acme-incubator/META-INF/views/framework/page.jsp HTTP/1.1
ERROR [org.apache.jsp.META_002dINF.views.framework.panic_jsp] Status: 500
ERROR [org.apache.jsp.META_002dINF.views.framework.panic_jsp] Exception: java.lang.AssertionError
ERROR [org.apache.jsp.META_002dINF.views.framework.panic_jsp] HTTP GET /acme-incubator/META-INF/views/framework/page.jsp HTTP/1.1
ERROR [org.apache.jsp.META_002dINF.views.framework.panic_jsp] Status: 500
ERROR [org.apache.jsp.META_002dINF.views.framework.panic_jsp] Exception: java.lang.AssertionError
ERROR [org.apache.jsp.META_002dINF.views.framework.panic_jsp] HTTP GET /acme-incubator/META-INF/views/framework/page.jsp HTTP/1.1
ERROR [org.apache.jsp.META_002dINF.views.framework.panic_jsp] Status: 500
ERROR [org.apache.jsp.META_002dINF.views.framework.panic_jsp] Exception: java.lang.AssertionError
ERROR [org.apache.jsp.META_002dINF.views.framework.panic_jsp] HTTP GET /acme-incubator/META-INF/views/framework/page.jsp HTTP/1.1
ERROR [org.apache.jsp.META_002dINF.views.framework.panic_jsp] Status: 500
ERROR [org.apache.jsp.META_002dINF.views.framework.panic_jsp] Exception: java.lang.AssertionError
ERROR [org.apache.jsp.META_002dINF.views.framework.panic_jsp] HTTP GET /acme-incubator/META-INF/views/framework/page.jsp HTTP/1.1
ERROR [org.apache.jsp.META_002dINF.views.framework.panic_jsp] Status: 500
ERROR [org.apache.jsp.META_002dINF.views.framework.panic_jsp] Exception: java.lang.AssertionError
ERROR [org.apache.jsp.META_002dINF.views.framework.panic_jsp] HTTP GET /acme-incubator/META-INF/views/framework/page.jsp HTTP/1.1
ERROR [org.apache.jsp.META_002dINF.views.framework.panic_jsp] Status: 500
ERROR [org.apache.jsp.META_002dINF.views.framework.panic_jsp] Exception: java.lang.AssertionError
ERROR [org.apache.jsp.META_002dINF.views.framework.panic_jsp] HTTP GET /acme-incubator/META-INF/views/framework/page.jsp HTTP/1.1
ERROR [org.apache.jsp.META_002dINF.views.framework.panic_jsp] Status: 500
ERROR [org.apache.jsp.META_002dINF.views.framework.panic_jsp] Exception: java.lang.AssertionError
ERROR [org.apache.jsp.META_002dINF.views.framework.panic_jsp] HTTP GET /acme-incubator/META-INF/views/framework/page.jsp HTTP/1.1
ERROR [org.apache.jsp.META_002dINF.views.framework.panic_jsp] Status: 500
ERROR [org.apache.jsp.META_002dINF.views.framework.panic_jsp] Exception: java.lang.AssertionError
ERROR [org.apache.jsp.META_002dINF.views.framework.panic_jsp] HTTP GET /acme-incubator/META-INF/views/framework/page.jsp HTTP/1.1
ERROR [org.apache.jsp.META_002dINF.views.framework.panic_jsp] Status: 500
ERROR [org.apache.jsp.META_002dINF.views.framework.panic_jsp] Exception: acme.framework.helpers.Assert.state(Assert.java:40): Access is not authorised
ERROR [org.apache.catalina.util.LifecycleBase] at org.apache.catalina.connector.Connector.startInternal(Connector.java:1008): Protocol handler start failed
at sun.nio.ch.Net.bind0(Native Method): Address already in use: bind
ERROR [org.springframework.boot.diagnostics.LoggingFailureAnalysisReporter] ***************************
APPLICATION FAILED TO START
***************************
Description:
The Tomcat connector configured to listen on port 8080 failed to start. The port may already be in use or the connector may be misconfigured.
Action:
Verify the connector's configuration, identify and stop any process that's listening on port 8080, or configure this application to listen on another port.
ERROR [org.apache.jsp.META_002dINF.views.framework.panic_jsp] HTTP GET /acme-incubator/META-INF/views/framework/page.jsp HTTP/1.1
ERROR [org.apache.jsp.META_002dINF.views.framework.panic_jsp] Status: 500
ERROR [org.apache.jsp.META_002dINF.views.framework.panic_jsp] Exception: acme.framework.helpers.Assert.state(Assert.java:40): Access is not authorised
ERROR [org.apache.jsp.META_002dINF.views.framework.panic_jsp] HTTP GET /acme-incubator/META-INF/views/framework/page.jsp HTTP/1.1
ERROR [org.apache.jsp.META_002dINF.views.framework.panic_jsp] Status: 500
ERROR [org.apache.jsp.META_002dINF.views.framework.panic_jsp] Exception: acme.framework.helpers.Assert.state(Assert.java:40): Access is not authorised
ERROR [org.apache.jsp.META_002dINF.views.framework.panic_jsp] HTTP GET /acme-incubator/META-INF/views/framework/page.jsp HTTP/1.1
ERROR [org.apache.jsp.META_002dINF.views.framework.panic_jsp] Status: 500
ERROR [org.apache.jsp.META_002dINF.views.framework.panic_jsp] Exception: acme.framework.helpers.Assert.state(Assert.java:40): Access is not authorised
ERROR [org.apache.jsp.META_002dINF.views.framework.panic_jsp] HTTP GET /acme-incubator/META-INF/views/framework/page.jsp HTTP/1.1
ERROR [org.apache.jsp.META_002dINF.views.framework.panic_jsp] Status: 500
ERROR [org.apache.jsp.META_002dINF.views.framework.panic_jsp] Exception: acme.framework.helpers.Assert.state(Assert.java:40): Access is not authorised
ERROR [org.apache.catalina.util.LifecycleBase] at org.apache.catalina.connector.Connector.startInternal(Connector.java:1008): Protocol handler start failed
at sun.nio.ch.Net.bind0(Native Method): Address already in use: bind
ERROR [org.springframework.boot.diagnostics.LoggingFailureAnalysisReporter] ***************************
APPLICATION FAILED TO START
***************************
Description:
The Tomcat connector configured to listen on port 8080 failed to start. The port may already be in use or the connector may be misconfigured.
Action:
Verify the connector's configuration, identify and stop any process that's listening on port 8080, or configure this application to listen on another port.
ERROR [org.apache.catalina.util.LifecycleBase] at org.apache.catalina.connector.Connector.startInternal(Connector.java:1008): Protocol handler start failed
at sun.nio.ch.Net.bind0(Native Method): Address already in use: bind
ERROR [org.springframework.boot.diagnostics.LoggingFailureAnalysisReporter] ***************************
APPLICATION FAILED TO START
***************************
Description:
The Tomcat connector configured to listen on port 8080 failed to start. The port may already be in use or the connector may be misconfigured.
Action:
Verify the connector's configuration, identify and stop any process that's listening on port 8080, or configure this application to listen on another port.
ERROR [org.apache.catalina.util.LifecycleBase] at org.apache.catalina.connector.Connector.startInternal(Connector.java:1008): Protocol handler start failed
at sun.nio.ch.Net.bind0(Native Method): Address already in use: bind
ERROR [org.springframework.boot.diagnostics.LoggingFailureAnalysisReporter] ***************************
APPLICATION FAILED TO START
***************************
Description:
The Tomcat connector configured to listen on port 8080 failed to start. The port may already be in use or the connector may be misconfigured.
Action:
Verify the connector's configuration, identify and stop any process that's listening on port 8080, or configure this application to listen on another port.
ERROR [org.apache.catalina.util.LifecycleBase] at org.apache.catalina.connector.Connector.startInternal(Connector.java:1008): Protocol handler start failed
at sun.nio.ch.Net.bind0(Native Method): Address already in use: bind
ERROR [org.springframework.boot.diagnostics.LoggingFailureAnalysisReporter] ***************************
APPLICATION FAILED TO START
***************************
Description:
The Tomcat connector configured to listen on port 8080 failed to start. The port may already be in use or the connector may be misconfigured.
Action:
Verify the connector's configuration, identify and stop any process that's listening on port 8080, or configure this application to listen on another port.
ERROR [org.apache.catalina.util.LifecycleBase] at org.apache.catalina.connector.Connector.startInternal(Connector.java:1008): Protocol handler start failed
at sun.nio.ch.Net.bind0(Native Method): Address already in use: bind
ERROR [org.springframework.boot.diagnostics.LoggingFailureAnalysisReporter] ***************************
APPLICATION FAILED TO START
***************************
Description:
The Tomcat connector configured to listen on port 8080 failed to start. The port may already be in use or the connector may be misconfigured.
Action:
Verify the connector's configuration, identify and stop any process that's listening on port 8080, or configure this application to listen on another port.
ERROR [org.apache.catalina.util.LifecycleBase] at org.apache.catalina.connector.Connector.startInternal(Connector.java:1008): Protocol handler start failed
at sun.nio.ch.Net.bind0(Native Method): Address already in use: bind
ERROR [org.springframework.boot.diagnostics.LoggingFailureAnalysisReporter] ***************************
APPLICATION FAILED TO START
***************************
Description:
The Tomcat connector configured to listen on port 8080 failed to start. The port may already be in use or the connector may be misconfigured.
Action:
Verify the connector's configuration, identify and stop any process that's listening on port 8080, or configure this application to listen on another port.
ERROR [org.apache.jsp.META_002dINF.views.framework.panic_jsp] HTTP POST /acme-incubator/META-INF/views/framework/page.jsp HTTP/1.1
ERROR [org.apache.jsp.META_002dINF.views.framework.panic_jsp] Status: 500
ERROR [org.apache.jsp.META_002dINF.views.framework.panic_jsp] Exception: java.lang.AssertionError
ERROR [org.apache.jsp.META_002dINF.views.framework.panic_jsp] HTTP POST /acme-incubator/META-INF/views/framework/page.jsp HTTP/1.1
ERROR [org.apache.jsp.META_002dINF.views.framework.panic_jsp] Status: 500
ERROR [org.apache.jsp.META_002dINF.views.framework.panic_jsp] Exception: java.lang.AssertionError
ERROR [org.apache.jsp.META_002dINF.views.framework.panic_jsp] HTTP GET /acme-incubator/META-INF/views/framework/page.jsp HTTP/1.1
ERROR [org.apache.jsp.META_002dINF.views.framework.panic_jsp] Status: 500
ERROR [org.apache.jsp.META_002dINF.views.framework.panic_jsp] Exception: java.lang.AssertionError
ERROR [org.apache.jsp.META_002dINF.views.framework.panic_jsp] HTTP POST /acme-incubator/META-INF/views/framework/page.jsp HTTP/1.1
ERROR [org.apache.jsp.META_002dINF.views.framework.panic_jsp] Status: 500
ERROR [org.apache.jsp.META_002dINF.views.framework.panic_jsp] Exception: java.lang.AssertionError
ERROR [org.apache.jsp.META_002dINF.views.framework.panic_jsp] HTTP POST /acme-incubator/META-INF/views/framework/page.jsp HTTP/1.1
ERROR [org.apache.jsp.META_002dINF.views.framework.panic_jsp] Status: 500
ERROR [org.apache.jsp.META_002dINF.views.framework.panic_jsp] Exception: java.lang.AssertionError
ERROR [org.apache.jsp.META_002dINF.views.framework.panic_jsp] HTTP GET /acme-incubator/META-INF/views/framework/page.jsp HTTP/1.1
ERROR [org.apache.jsp.META_002dINF.views.framework.panic_jsp] Status: 500
ERROR [org.apache.jsp.META_002dINF.views.framework.panic_jsp] Exception: acme.framework.helpers.Assert.state(Assert.java:40): Access is not authorisedERROR [org.apache.jsp.META_002dINF.views.framework.panic_jsp] HTTP GET /acme-incubator/META-INF/views/framework/page.jsp HTTP/1.1
ERROR [org.apache.jsp.META_002dINF.views.framework.panic_jsp] Status: 500
ERROR [org.apache.jsp.META_002dINF.views.framework.panic_jsp] Exception: java.lang.AssertionError
ERROR [org.apache.jsp.META_002dINF.views.framework.panic_jsp] HTTP GET /acme-incubator/META-INF/views/framework/page.jsp HTTP/1.1
ERROR [org.apache.jsp.META_002dINF.views.framework.panic_jsp] Status: 500
ERROR [org.apache.jsp.META_002dINF.views.framework.panic_jsp] Exception: java.lang.AssertionError
ERROR [org.apache.jsp.META_002dINF.views.framework.panic_jsp] HTTP GET /acme-incubator/META-INF/views/framework/page.jsp HTTP/1.1
ERROR [org.apache.jsp.META_002dINF.views.framework.panic_jsp] Status: 500
ERROR [org.apache.jsp.META_002dINF.views.framework.panic_jsp] Exception: java.lang.AssertionError
ERROR [org.apache.jsp.META_002dINF.views.framework.panic_jsp] HTTP GET /acme-incubator/META-INF/views/framework/page.jsp HTTP/1.1
ERROR [org.apache.jsp.META_002dINF.views.framework.panic_jsp] Status: 500
ERROR [org.apache.jsp.META_002dINF.views.framework.panic_jsp] Exception: java.lang.AssertionError
ERROR [org.apache.jsp.META_002dINF.views.framework.panic_jsp] HTTP GET /acme-incubator/META-INF/views/framework/page.jsp HTTP/1.1
ERROR [org.apache.jsp.META_002dINF.views.framework.panic_jsp] Status: 500
ERROR [org.apache.jsp.META_002dINF.views.framework.panic_jsp] Exception: java.lang.AssertionError
ERROR [org.apache.jsp.META_002dINF.views.framework.panic_jsp] HTTP GET /acme-incubator/META-INF/views/framework/page.jsp HTTP/1.1
ERROR [org.apache.jsp.META_002dINF.views.framework.panic_jsp] Status: 500
ERROR [org.apache.jsp.META_002dINF.views.framework.panic_jsp] Exception: java.lang.AssertionError
ERROR [org.apache.catalina.util.LifecycleBase] at org.apache.catalina.connector.Connector.startInternal(Connector.java:1008): Protocol handler start failed
at sun.nio.ch.Net.bind0(Native Method): Address already in use: bind
ERROR [org.springframework.boot.diagnostics.LoggingFailureAnalysisReporter] ***************************
APPLICATION FAILED TO START
***************************
Description:
The Tomcat connector configured to listen on port 8080 failed to start. The port may already be in use or the connector may be misconfigured.
Action:
Verify the connector's configuration, identify and stop any process that's listening on port 8080, or configure this application to listen on another port.
ERROR [org.apache.jsp.META_002dINF.views.framework.panic_jsp] HTTP GET /acme-incubator/META-INF/views/framework/page.jsp HTTP/1.1
ERROR [org.apache.jsp.META_002dINF.views.framework.panic_jsp] Status: 500
ERROR [org.apache.jsp.META_002dINF.views.framework.panic_jsp] Exception: acme.framework.helpers.Assert.state(Assert.java:40): End-point not available
ERROR [org.apache.catalina.util.LifecycleBase] at org.apache.catalina.connector.Connector.startInternal(Connector.java:1008): Protocol handler start failed
at sun.nio.ch.Net.bind0(Native Method): Address already in use: bind
ERROR [org.springframework.boot.diagnostics.LoggingFailureAnalysisReporter] ***************************
APPLICATION FAILED TO START
***************************
Description:
The Tomcat connector configured to listen on port 8080 failed to start. The port may already be in use or the connector may be misconfigured.
Action:
Verify the connector's configuration, identify and stop any process that's listening on port 8080, or configure this application to listen on another port.
ERROR [org.apache.catalina.util.LifecycleBase] at org.apache.catalina.connector.Connector.startInternal(Connector.java:1008): Protocol handler start failed
at sun.nio.ch.Net.bind0(Native Method): Address already in use: bind
ERROR [org.springframework.boot.diagnostics.LoggingFailureAnalysisReporter] ***************************
APPLICATION FAILED TO START
***************************
Description:
The Tomcat connector configured to listen on port 8080 failed to start. The port may already be in use or the connector may be misconfigured.
Action:
Verify the connector's configuration, identify and stop any process that's listening on port 8080, or configure this application to listen on another port.
ERROR [org.apache.jsp.META_002dINF.views.framework.panic_jsp] HTTP GET /acme-incubator/META-INF/views/framework/page.jsp HTTP/1.1
ERROR [org.apache.jsp.META_002dINF.views.framework.panic_jsp] Status: 500
ERROR [org.apache.jsp.META_002dINF.views.framework.panic_jsp] Exception: acme.framework.helpers.Assert.state(Assert.java:40): End-point not available
ERROR [org.apache.catalina.util.LifecycleBase] at org.apache.catalina.connector.Connector.startInternal(Connector.java:1008): Protocol handler start failed
at sun.nio.ch.Net.bind0(Native Method): Address already in use: bind
ERROR [org.springframework.boot.diagnostics.LoggingFailureAnalysisReporter] ***************************
APPLICATION FAILED TO START
***************************
Description:
The Tomcat connector configured to listen on port 8080 failed to start. The port may already be in use or the connector may be misconfigured.
Action:
Verify the connector's configuration, identify and stop any process that's listening on port 8080, or configure this application to listen on another port.
ERROR [org.apache.jsp.META_002dINF.views.framework.panic_jsp] HTTP GET /acme-incubator/META-INF/views/framework/page.jsp HTTP/1.1
ERROR [org.apache.jsp.META_002dINF.views.framework.panic_jsp] Status: 500
ERROR [org.apache.jsp.META_002dINF.views.framework.panic_jsp] Exception: acme.framework.helpers.Assert.state(Assert.java:40): End-point not available
ERROR [org.apache.jsp.META_002dINF.views.framework.panic_jsp] HTTP GET /acme-incubator/META-INF/views/framework/page.jsp HTTP/1.1
ERROR [org.apache.jsp.META_002dINF.views.framework.panic_jsp] Status: 500
ERROR [org.apache.jsp.META_002dINF.views.framework.panic_jsp] Exception: acme.framework.helpers.Assert.state(Assert.java:40): End-point not available
ERROR [org.apache.jsp.META_002dINF.views.framework.panic_jsp] HTTP GET /acme-incubator/META-INF/views/framework/page.jsp HTTP/1.1
ERROR [org.apache.jsp.META_002dINF.views.framework.panic_jsp] Status: 500
ERROR [org.apache.jsp.META_002dINF.views.framework.panic_jsp] Exception: acme.framework.helpers.Assert.state(Assert.java:40): End-point not available
ERROR [org.apache.jsp.META_002dINF.views.framework.panic_jsp] HTTP GET /acme-incubator/META-INF/views/framework/page.jsp HTTP/1.1
ERROR [org.apache.jsp.META_002dINF.views.framework.panic_jsp] Status: 500
ERROR [org.apache.jsp.META_002dINF.views.framework.panic_jsp] Exception: java.lang.NullPointerException
ERROR [org.apache.jsp.META_002dINF.views.framework.panic_jsp] HTTP GET /acme-incubator/META-INF/views/framework/page.jsp HTTP/1.1
ERROR [org.apache.jsp.META_002dINF.views.framework.panic_jsp] Status: 500
ERROR [org.apache.jsp.META_002dINF.views.framework.panic_jsp] Exception: java.lang.NullPointerException
ERROR [org.apache.jsp.META_002dINF.views.framework.panic_jsp] HTTP GET /acme-incubator/META-INF/views/framework/page.jsp HTTP/1.1
ERROR [org.apache.jsp.META_002dINF.views.framework.panic_jsp] Status: 500
ERROR [org.apache.jsp.META_002dINF.views.framework.panic_jsp] Exception: java.lang.AssertionError
ERROR [org.apache.catalina.core.ContainerBase.[Tomcat].[localhost].[/acme-incubator].[jsp]] at acme.framework.helpers.ConversionHelper.convert(ConversionHelper.java:41): java.lang.AssertionError
ERROR [org.apache.catalina.core.ContainerBase.[Tomcat].[localhost].[/acme-incubator].[jsp]] at org.apache.tiles.request.servlet.ServletUtil.wrapServletException(ServletUtil.java:61): JSPException including path '../entrepreneur/application/form.jsp'.
at org.apache.jsp.tag.web.print_tag.doTag(print_tag.java:168): java.lang.AssertionError
at acme.framework.helpers.ConversionHelper.convert(ConversionHelper.java:41): java.lang.AssertionError
ERROR [org.apache.catalina.core.ContainerBase.[Tomcat].[localhost].[/acme-incubator].[dispatcherServlet]] at acme.framework.helpers.ConversionHelper.convert(ConversionHelper.java:41): java.lang.AssertionError
ERROR [org.apache.catalina.core.ContainerBase.[Tomcat].[localhost].[/acme-incubator].[jsp]] at acme.framework.helpers.ConversionHelper.convert(ConversionHelper.java:41): java.lang.AssertionError
ERROR [org.apache.catalina.core.ContainerBase.[Tomcat].[localhost].[/acme-incubator].[jsp]] at org.apache.tiles.request.servlet.ServletUtil.wrapServletException(ServletUtil.java:61): JSPException including path '../entrepreneur/application/form.jsp'.
at org.apache.jsp.tag.web.print_tag.doTag(print_tag.java:168): java.lang.AssertionError
at acme.framework.helpers.ConversionHelper.convert(ConversionHelper.java:41): java.lang.AssertionError
ERROR [org.apache.catalina.core.ContainerBase.[Tomcat].[localhost].[/acme-incubator].[dispatcherServlet]] at acme.framework.helpers.ConversionHelper.convert(ConversionHelper.java:41): java.lang.AssertionError
ERROR [org.apache.catalina.core.ContainerBase.[Tomcat].[localhost].[/acme-incubator].[jsp]] at acme.framework.helpers.ConversionHelper.convert(ConversionHelper.java:41): java.lang.AssertionError
ERROR [org.apache.catalina.core.ContainerBase.[Tomcat].[localhost].[/acme-incubator].[jsp]] at org.apache.tiles.request.servlet.ServletUtil.wrapServletException(ServletUtil.java:61): JSPException including path '../entrepreneur/application/form.jsp'.
at org.apache.jsp.tag.web.print_tag.doTag(print_tag.java:168): java.lang.AssertionError
at acme.framework.helpers.ConversionHelper.convert(ConversionHelper.java:41): java.lang.AssertionError
ERROR [org.apache.catalina.core.ContainerBase.[Tomcat].[localhost].[/acme-incubator].[dispatcherServlet]] at acme.framework.helpers.ConversionHelper.convert(ConversionHelper.java:41): java.lang.AssertionError
ERROR [org.apache.catalina.core.ContainerBase.[Tomcat].[localhost].[/acme-incubator].[jsp]] at acme.framework.helpers.ConversionHelper.convert(ConversionHelper.java:41): java.lang.AssertionError
ERROR [org.apache.catalina.core.ContainerBase.[Tomcat].[localhost].[/acme-incubator].[jsp]] at org.apache.tiles.request.servlet.ServletUtil.wrapServletException(ServletUtil.java:61): JSPException including path '../entrepreneur/application/form.jsp'.
at org.apache.jsp.tag.web.print_tag.doTag(print_tag.java:168): java.lang.AssertionError
at acme.framework.helpers.ConversionHelper.convert(ConversionHelper.java:41): java.lang.AssertionError
ERROR [org.apache.catalina.core.ContainerBase.[Tomcat].[localhost].[/acme-incubator].[dispatcherServlet]] at acme.framework.helpers.ConversionHelper.convert(ConversionHelper.java:41): java.lang.AssertionError
ERROR [org.apache.catalina.core.ContainerBase.[Tomcat].[localhost].[/acme-incubator].[jsp]] at org.apache.jasper.compiler.DefaultErrorHandler.jspError(DefaultErrorHandler.java:42): /META-INF/views/entrepreneur/application/form.jsp (line: [24], column: [1]) According to the TLD or the tag file, attribute [path] is mandatory for tag [form-textbox]
ERROR [org.apache.catalina.core.ContainerBase.[Tomcat].[localhost].[/acme-incubator].[jsp]] at org.apache.tiles.request.servlet.ServletUtil.wrapServletException(ServletUtil.java:63): JSPException including path '../entrepreneur/application/form.jsp'.
at org.apache.jasper.compiler.DefaultErrorHandler.jspError(DefaultErrorHandler.java:42): /META-INF/views/entrepreneur/application/form.jsp (line: [24], column: [1]) According to the TLD or the tag file, attribute [path] is mandatory for tag [form-textbox]
ERROR [org.apache.catalina.core.ContainerBase.[Tomcat].[localhost].[/acme-incubator].[dispatcherServlet]] at org.apache.jasper.compiler.DefaultErrorHandler.jspError(DefaultErrorHandler.java:42): /META-INF/views/entrepreneur/application/form.jsp (line: [24], column: [1]) According to the TLD or the tag file, attribute [path] is mandatory for tag [form-textbox]
WARN [com.zaxxer.hikari.pool.HikariPool] {} - Thread starvation or clock leap detected (housekeeper delta={}).
WARN [com.zaxxer.hikari.pool.HikariPool] {} - Thread starvation or clock leap detected (housekeeper delta={}).
WARN [com.zaxxer.hikari.pool.HikariPool] {} - Thread starvation or clock leap detected (housekeeper delta={}).
ERROR [org.apache.jsp.META_002dINF.views.framework.panic_jsp] HTTP GET /acme-incubator/META-INF/views/framework/page.jsp HTTP/1.1
ERROR [org.apache.jsp.META_002dINF.views.framework.panic_jsp] Status: 500
ERROR [org.apache.jsp.META_002dINF.views.framework.panic_jsp] Exception: java.lang.AssertionError
ERROR [org.apache.catalina.util.LifecycleBase] at org.apache.catalina.connector.Connector.startInternal(Connector.java:1008): Protocol handler start failed
at sun.nio.ch.Net.bind0(Native Method): Address already in use: bind
ERROR [org.springframework.boot.diagnostics.LoggingFailureAnalysisReporter] ***************************
APPLICATION FAILED TO START
***************************
Description:
The Tomcat connector configured to listen on port 8080 failed to start. The port may already be in use or the connector may be misconfigured.
Action:
Verify the connector's configuration, identify and stop any process that's listening on port 8080, or configure this application to listen on another port.
ERROR [org.apache.jsp.META_002dINF.views.framework.panic_jsp] HTTP GET /acme-incubator/META-INF/views/framework/page.jsp HTTP/1.1
ERROR [org.apache.jsp.META_002dINF.views.framework.panic_jsp] Status: 500
ERROR [org.apache.jsp.META_002dINF.views.framework.panic_jsp] Exception: java.lang.AssertionError
ERROR [org.apache.catalina.util.LifecycleBase] at org.apache.catalina.connector.Connector.startInternal(Connector.java:1008): Protocol handler start failed
at sun.nio.ch.Net.bind0(Native Method): Address already in use: bind
ERROR [org.springframework.boot.diagnostics.LoggingFailureAnalysisReporter] ***************************
APPLICATION FAILED TO START
***************************
Description:
The Tomcat connector configured to listen on port 8080 failed to start. The port may already be in use or the connector may be misconfigured.
Action:
Verify the connector's configuration, identify and stop any process that's listening on port 8080, or configure this application to listen on another port.
ERROR [org.apache.catalina.core.ContainerBase.[Tomcat].[localhost].[/acme-incubator].[dispatcherServlet]] at acme.framework.utilities.RememberMeLogoutHandler.logout(RememberMeLogoutHandler.java:31): java.lang.AssertionError
WARN [org.springframework.boot.web.servlet.context.AnnotationConfigServletWebServerApplicationContext] Exception encountered during context initialization - cancelling refresh attempt: org.springframework.beans.factory.BeanCreationException: Error creating bean with name 'entityManagerFactory' defined in class path resource [org/springframework/boot/autoconfigure/orm/jpa/HibernateJpaConfiguration.class]: Invocation of init method failed; nested exception is javax.persistence.PersistenceException: [PersistenceUnit: default] Unable to build Hibernate SessionFactory; nested exception is org.hibernate.tool.schema.spi.SchemaManagementException: Schema-validation: missing column [final_mode] in table [accounting_record]
ERROR [org.springframework.boot.SpringApplication] at org.springframework.beans.factory.support.AbstractAutowireCapableBeanFactory.initializeBean(AbstractAutowireCapableBeanFactory.java:1778): Error creating bean with name 'entityManagerFactory' defined in class path resource [org/springframework/boot/autoconfigure/orm/jpa/HibernateJpaConfiguration.class]: Invocation of init method failed; nested exception is javax.persistence.PersistenceException: [PersistenceUnit: default] Unable to build Hibernate SessionFactory; nested exception is org.hibernate.tool.schema.spi.SchemaManagementException: Schema-validation: missing column [final_mode] in table [accounting_record]
at org.springframework.orm.jpa.AbstractEntityManagerFactoryBean.buildNativeEntityManagerFactory(AbstractEntityManagerFactoryBean.java:402): [PersistenceUnit: default] Unable to build Hibernate SessionFactory; nested exception is org.hibernate.tool.schema.spi.SchemaManagementException: Schema-validation: missing column [final_mode] in table [accounting_record]
at org.hibernate.tool.schema.internal.AbstractSchemaValidator.validateTable(AbstractSchemaValidator.java:136): Schema-validation: missing column [final_mode] in table [accounting_record]
WARN [org.springframework.boot.web.servlet.context.AnnotationConfigServletWebServerApplicationContext] Exception encountered during context initialization - cancelling refresh attempt: org.springframework.beans.factory.BeanCreationException: Error creating bean with name 'entityManagerFactory' defined in class path resource [org/springframework/boot/autoconfigure/orm/jpa/HibernateJpaConfiguration.class]: Invocation of init method failed; nested exception is javax.persistence.PersistenceException: [PersistenceUnit: default] Unable to build Hibernate SessionFactory; nested exception is org.hibernate.tool.schema.spi.SchemaManagementException: Schema-validation: missing table [accounting_record]
ERROR [org.springframework.boot.SpringApplication] at org.springframework.beans.factory.support.AbstractAutowireCapableBeanFactory.initializeBean(AbstractAutowireCapableBeanFactory.java:1778): Error creating bean with name 'entityManagerFactory' defined in class path resource [org/springframework/boot/autoconfigure/orm/jpa/HibernateJpaConfiguration.class]: Invocation of init method failed; nested exception is javax.persistence.PersistenceException: [PersistenceUnit: default] Unable to build Hibernate SessionFactory; nested exception is org.hibernate.tool.schema.spi.SchemaManagementException: Schema-validation: missing table [accounting_record]
at org.springframework.orm.jpa.AbstractEntityManagerFactoryBean.buildNativeEntityManagerFactory(AbstractEntityManagerFactoryBean.java:402): [PersistenceUnit: default] Unable to build Hibernate SessionFactory; nested exception is org.hibernate.tool.schema.spi.SchemaManagementException: Schema-validation: missing table [accounting_record]
at org.hibernate.tool.schema.internal.AbstractSchemaValidator.validateTable(AbstractSchemaValidator.java:121): Schema-validation: missing table [accounting_record]
WARN [org.springframework.boot.web.servlet.context.AnnotationConfigServletWebServerApplicationContext] Exception encountered during context initialization - cancelling refresh attempt: org.springframework.beans.factory.BeanCreationException: Error creating bean with name 'entityManagerFactory' defined in class path resource [org/springframework/boot/autoconfigure/orm/jpa/HibernateJpaConfiguration.class]: Invocation of init method failed; nested exception is javax.persistence.PersistenceException: [PersistenceUnit: default] Unable to build Hibernate SessionFactory; nested exception is org.hibernate.tool.schema.spi.SchemaManagementException: Schema-validation: missing table [accounting_record]
ERROR [org.springframework.boot.SpringApplication] at org.springframework.beans.factory.support.AbstractAutowireCapableBeanFactory.initializeBean(AbstractAutowireCapableBeanFactory.java:1778): Error creating bean with name 'entityManagerFactory' defined in class path resource [org/springframework/boot/autoconfigure/orm/jpa/HibernateJpaConfiguration.class]: Invocation of init method failed; nested exception is javax.persistence.PersistenceException: [PersistenceUnit: default] Unable to build Hibernate SessionFactory; nested exception is org.hibernate.tool.schema.spi.SchemaManagementException: Schema-validation: missing table [accounting_record]
at org.springframework.orm.jpa.AbstractEntityManagerFactoryBean.buildNativeEntityManagerFactory(AbstractEntityManagerFactoryBean.java:402): [PersistenceUnit: default] Unable to build Hibernate SessionFactory; nested exception is org.hibernate.tool.schema.spi.SchemaManagementException: Schema-validation: missing table [accounting_record]
at org.hibernate.tool.schema.internal.AbstractSchemaValidator.validateTable(AbstractSchemaValidator.java:121): Schema-validation: missing table [accounting_record]
WARN [org.springframework.boot.web.servlet.context.AnnotationConfigServletWebServerApplicationContext] Exception encountered during context initialization - cancelling refresh attempt: org.springframework.beans.factory.BeanCreationException: Error creating bean with name 'entityManagerFactory' defined in class path resource [org/springframework/boot/autoconfigure/orm/jpa/HibernateJpaConfiguration.class]: Invocation of init method failed; nested exception is javax.persistence.PersistenceException: [PersistenceUnit: default] Unable to build Hibernate SessionFactory; nested exception is org.hibernate.tool.schema.spi.SchemaManagementException: Schema-validation: missing table [accounting_record]
ERROR [org.springframework.boot.SpringApplication] at org.springframework.beans.factory.support.AbstractAutowireCapableBeanFactory.initializeBean(AbstractAutowireCapableBeanFactory.java:1778): Error creating bean with name 'entityManagerFactory' defined in class path resource [org/springframework/boot/autoconfigure/orm/jpa/HibernateJpaConfiguration.class]: Invocation of init method failed; nested exception is javax.persistence.PersistenceException: [PersistenceUnit: default] Unable to build Hibernate SessionFactory; nested exception is org.hibernate.tool.schema.spi.SchemaManagementException: Schema-validation: missing table [accounting_record]
at org.springframework.orm.jpa.AbstractEntityManagerFactoryBean.buildNativeEntityManagerFactory(AbstractEntityManagerFactoryBean.java:402): [PersistenceUnit: default] Unable to build Hibernate SessionFactory; nested exception is org.hibernate.tool.schema.spi.SchemaManagementException: Schema-validation: missing table [accounting_record]
at org.hibernate.tool.schema.internal.AbstractSchemaValidator.validateTable(AbstractSchemaValidator.java:121): Schema-validation: missing table [accounting_record]
ERROR [org.apache.jsp.META_002dINF.views.framework.panic_jsp] HTTP GET /acme-incubator/META-INF/views/framework/page.jsp HTTP/1.1
ERROR [org.apache.jsp.META_002dINF.views.framework.panic_jsp] Status: 500
ERROR [org.apache.jsp.META_002dINF.views.framework.panic_jsp] Exception: java.lang.AssertionError
ERROR [org.apache.catalina.util.LifecycleBase] at org.apache.catalina.connector.Connector.startInternal(Connector.java:1008): Protocol handler start failed
at sun.nio.ch.Net.bind0(Native Method): Address already in use: bind
ERROR [org.springframework.boot.diagnostics.LoggingFailureAnalysisReporter] ***************************
APPLICATION FAILED TO START
***************************
Description:
The Tomcat connector configured to listen on port 8080 failed to start. The port may already be in use or the connector may be misconfigured.
Action:
Verify the connector's configuration, identify and stop any process that's listening on port 8080, or configure this application to listen on another port.
ERROR [org.apache.jsp.META_002dINF.views.framework.panic_jsp] HTTP GET /acme-incubator/META-INF/views/framework/page.jsp HTTP/1.1
ERROR [org.apache.jsp.META_002dINF.views.framework.panic_jsp] Status: 500
ERROR [org.apache.jsp.META_002dINF.views.framework.panic_jsp] Exception: java.lang.NullPointerException
ERROR [org.apache.catalina.util.LifecycleBase] at org.apache.catalina.connector.Connector.startInternal(Connector.java:1008): Protocol handler start failed
at sun.nio.ch.Net.bind0(Native Method): Address already in use: bind
ERROR [org.springframework.boot.diagnostics.LoggingFailureAnalysisReporter] ***************************
APPLICATION FAILED TO START
***************************
Description:
The Tomcat connector configured to listen on port 8080 failed to start. The port may already be in use or the connector may be misconfigured.
Action:
Verify the connector's configuration, identify and stop any process that's listening on port 8080, or configure this application to listen on another port.
ERROR [org.apache.jsp.META_002dINF.views.framework.panic_jsp] HTTP GET /acme-incubator/META-INF/views/framework/page.jsp HTTP/1.1
ERROR [org.apache.jsp.META_002dINF.views.framework.panic_jsp] Status: 500
ERROR [org.apache.jsp.META_002dINF.views.framework.panic_jsp] Exception: java.lang.AssertionError
ERROR [org.apache.catalina.util.LifecycleBase] at org.apache.catalina.connector.Connector.startInternal(Connector.java:1008): Protocol handler start failed
at sun.nio.ch.Net.bind0(Native Method): Address already in use: bind
ERROR [org.springframework.boot.diagnostics.LoggingFailureAnalysisReporter] ***************************
APPLICATION FAILED TO START
***************************
Description:
The Tomcat connector configured to listen on port 8080 failed to start. The port may already be in use or the connector may be misconfigured.
Action:
Verify the connector's configuration, identify and stop any process that's listening on port 8080, or configure this application to listen on another port.
ERROR [org.apache.jsp.META_002dINF.views.framework.panic_jsp] HTTP GET /acme-incubator/META-INF/views/framework/page.jsp HTTP/1.1
ERROR [org.apache.jsp.META_002dINF.views.framework.panic_jsp] Status: 500
ERROR [org.apache.jsp.META_002dINF.views.framework.panic_jsp] Exception: java.lang.AssertionError
ERROR [org.apache.jsp.META_002dINF.views.framework.panic_jsp] HTTP GET /acme-incubator/META-INF/views/framework/page.jsp HTTP/1.1
ERROR [org.apache.jsp.META_002dINF.views.framework.panic_jsp] Status: 500
ERROR [org.apache.jsp.META_002dINF.views.framework.panic_jsp] Exception: java.lang.NullPointerException
ERROR [org.apache.jsp.META_002dINF.views.framework.panic_jsp] HTTP GET /acme-incubator/META-INF/views/framework/page.jsp HTTP/1.1
ERROR [org.apache.jsp.META_002dINF.views.framework.panic_jsp] Status: 500
ERROR [org.apache.jsp.META_002dINF.views.framework.panic_jsp] Exception: java.lang.AssertionError
ERROR [org.apache.catalina.util.LifecycleBase] at org.apache.catalina.connector.Connector.startInternal(Connector.java:1008): Protocol handler start failed
at sun.nio.ch.Net.bind0(Native Method): Address already in use: bind
ERROR [org.springframework.boot.diagnostics.LoggingFailureAnalysisReporter] ***************************
APPLICATION FAILED TO START
***************************
Description:
The Tomcat connector configured to listen on port 8080 failed to start. The port may already be in use or the connector may be misconfigured.
Action:
Verify the connector's configuration, identify and stop any process that's listening on port 8080, or configure this application to listen on another port.
ERROR [org.apache.jsp.META_002dINF.views.framework.panic_jsp] HTTP GET /acme-incubator/META-INF/views/framework/page.jsp HTTP/1.1
ERROR [org.apache.jsp.META_002dINF.views.framework.panic_jsp] Status: 500
ERROR [org.apache.jsp.META_002dINF.views.framework.panic_jsp] Exception: java.lang.NullPointerException
ERROR [org.apache.jsp.META_002dINF.views.framework.panic_jsp] HTTP GET /acme-incubator/META-INF/views/framework/page.jsp HTTP/1.1
ERROR [org.apache.jsp.META_002dINF.views.framework.panic_jsp] Status: 500
ERROR [org.apache.jsp.META_002dINF.views.framework.panic_jsp] Exception: java.lang.NullPointerException
ERROR [org.apache.jsp.META_002dINF.views.framework.panic_jsp] HTTP GET /acme-incubator/META-INF/views/framework/page.jsp HTTP/1.1
ERROR [org.apache.jsp.META_002dINF.views.framework.panic_jsp] Status: 500
ERROR [org.apache.jsp.META_002dINF.views.framework.panic_jsp] Exception: acme.framework.helpers.Assert.state(Assert.java:40): Access is not authorised
ERROR [org.apache.jsp.META_002dINF.views.framework.panic_jsp] HTTP GET /acme-incubator/META-INF/views/framework/page.jsp HTTP/1.1
ERROR [org.apache.jsp.META_002dINF.views.framework.panic_jsp] Status: 500
ERROR [org.apache.jsp.META_002dINF.views.framework.panic_jsp] Exception: java.lang.NullPointerException
ERROR [org.apache.jsp.META_002dINF.views.framework.panic_jsp] HTTP GET /acme-incubator/META-INF/views/framework/page.jsp HTTP/1.1
ERROR [org.apache.jsp.META_002dINF.views.framework.panic_jsp] Status: 500
ERROR [org.apache.jsp.META_002dINF.views.framework.panic_jsp] Exception: java.lang.NullPointerException
ERROR [org.apache.jsp.META_002dINF.views.framework.panic_jsp] HTTP GET /acme-incubator/META-INF/views/framework/page.jsp HTTP/1.1
ERROR [org.apache.jsp.META_002dINF.views.framework.panic_jsp] Status: 500
ERROR [org.apache.jsp.META_002dINF.views.framework.panic_jsp] Exception: java.lang.NullPointerException
ERROR [org.apache.jsp.META_002dINF.views.framework.panic_jsp] HTTP GET /acme-incubator/META-INF/views/framework/page.jsp HTTP/1.1
ERROR [org.apache.jsp.META_002dINF.views.framework.panic_jsp] Status: 500
ERROR [org.apache.jsp.META_002dINF.views.framework.panic_jsp] Exception: acme.framework.helpers.Assert.state(Assert.java:40): End-point not available
ERROR [org.apache.catalina.util.LifecycleBase] at org.apache.catalina.connector.Connector.startInternal(Connector.java:1008): Protocol handler start failed
at sun.nio.ch.Net.bind0(Native Method): Address already in use: bind
ERROR [org.springframework.boot.diagnostics.LoggingFailureAnalysisReporter] ***************************
APPLICATION FAILED TO START
***************************
Description:
The Tomcat connector configured to listen on port 8080 failed to start. The port may already be in use or the connector may be misconfigured.
Action:
Verify the connector's configuration, identify and stop any process that's listening on port 8080, or configure this application to listen on another port.
ERROR [org.apache.jsp.META_002dINF.views.framework.panic_jsp] HTTP GET /acme-incubator/META-INF/views/framework/page.jsp HTTP/1.1
ERROR [org.apache.jsp.META_002dINF.views.framework.panic_jsp] Status: 500
ERROR [org.apache.jsp.META_002dINF.views.framework.panic_jsp] Exception: acme.framework.helpers.Assert.state(Assert.java:40): End-point not available
ERROR [org.apache.jsp.META_002dINF.views.framework.panic_jsp] HTTP GET /acme-incubator/META-INF/views/framework/page.jsp HTTP/1.1
ERROR [org.apache.jsp.META_002dINF.views.framework.panic_jsp] Status: 500
ERROR [org.apache.jsp.META_002dINF.views.framework.panic_jsp] Exception: java.lang.AssertionError
ERROR [org.apache.jsp.META_002dINF.views.framework.panic_jsp] HTTP GET /acme-incubator/META-INF/views/framework/page.jsp HTTP/1.1
ERROR [org.apache.jsp.META_002dINF.views.framework.panic_jsp] Status: 500
ERROR [org.apache.jsp.META_002dINF.views.framework.panic_jsp] Exception: java.lang.AssertionError
ERROR [org.apache.jsp.META_002dINF.views.framework.panic_jsp] HTTP GET /acme-incubator/META-INF/views/framework/page.jsp HTTP/1.1
ERROR [org.apache.jsp.META_002dINF.views.framework.panic_jsp] Status: 500
ERROR [org.apache.jsp.META_002dINF.views.framework.panic_jsp] Exception: acme.framework.helpers.Assert.state(Assert.java:40): Access is not authorised
ERROR [org.apache.jsp.META_002dINF.views.framework.panic_jsp] HTTP GET /acme-incubator/META-INF/views/framework/page.jsp HTTP/1.1
ERROR [org.apache.jsp.META_002dINF.views.framework.panic_jsp] Status: 500
ERROR [org.apache.jsp.META_002dINF.views.framework.panic_jsp] Exception: acme.framework.helpers.Assert.state(Assert.java:40): Access is not authorised
ERROR [org.apache.jsp.META_002dINF.views.framework.panic_jsp] HTTP GET /acme-incubator/META-INF/views/framework/page.jsp HTTP/1.1
ERROR [org.apache.jsp.META_002dINF.views.framework.panic_jsp] Status: 500
ERROR [org.apache.jsp.META_002dINF.views.framework.panic_jsp] Exception: acme.framework.helpers.Assert.state(Assert.java:40): Access is not authorised
ERROR [org.apache.jsp.META_002dINF.views.framework.panic_jsp] HTTP GET /acme-incubator/META-INF/views/framework/page.jsp HTTP/1.1
ERROR [org.apache.jsp.META_002dINF.views.framework.panic_jsp] Status: 500
ERROR [org.apache.jsp.META_002dINF.views.framework.panic_jsp] Exception: java.lang.AssertionError
ERROR [org.apache.jsp.META_002dINF.views.framework.panic_jsp] HTTP POST /acme-incubator/META-INF/views/framework/page.jsp HTTP/1.1
ERROR [org.apache.jsp.META_002dINF.views.framework.panic_jsp] Status: 500
ERROR [org.apache.jsp.META_002dINF.views.framework.panic_jsp] Exception: acme.framework.helpers.Assert.state(Assert.java:40): End-point not available
ERROR [org.apache.jsp.META_002dINF.views.framework.panic_jsp] HTTP GET /acme-incubator/META-INF/views/framework/page.jsp HTTP/1.1
ERROR [org.apache.jsp.META_002dINF.views.framework.panic_jsp] Status: 500
ERROR [org.apache.jsp.META_002dINF.views.framework.panic_jsp] Exception: acme.framework.helpers.Assert.state(Assert.java:40): Access is not authorised
ERROR [org.apache.jsp.META_002dINF.views.framework.panic_jsp] HTTP GET /acme-incubator/META-INF/views/framework/page.jsp HTTP/1.1
ERROR [org.apache.jsp.META_002dINF.views.framework.panic_jsp] Status: 500
ERROR [org.apache.jsp.META_002dINF.views.framework.panic_jsp] Exception: acme.framework.helpers.Assert.state(Assert.java:40): Access is not authorised
ERROR [org.apache.jsp.META_002dINF.views.framework.panic_jsp] HTTP GET /acme-incubator/META-INF/views/framework/page.jsp HTTP/1.1
ERROR [org.apache.jsp.META_002dINF.views.framework.panic_jsp] Status: 500
ERROR [org.apache.jsp.META_002dINF.views.framework.panic_jsp] Exception: acme.framework.helpers.Assert.state(Assert.java:40): Access is not authorised
ERROR [org.apache.jsp.META_002dINF.views.framework.panic_jsp] HTTP GET /acme-incubator/META-INF/views/framework/page.jsp HTTP/1.1
ERROR [org.apache.jsp.META_002dINF.views.framework.panic_jsp] Status: 500
ERROR [org.apache.jsp.META_002dINF.views.framework.panic_jsp] Exception: acme.framework.helpers.Assert.state(Assert.java:40): Access is not authorised
ERROR [org.apache.jsp.META_002dINF.views.framework.panic_jsp] HTTP GET /acme-incubator/META-INF/views/framework/page.jsp HTTP/1.1
ERROR [org.apache.jsp.META_002dINF.views.framework.panic_jsp] Status: 500
ERROR [org.apache.jsp.META_002dINF.views.framework.panic_jsp] Exception: acme.framework.helpers.Assert.state(Assert.java:40): Access is not authorised
ERROR [org.apache.catalina.util.LifecycleBase] at org.apache.catalina.connector.Connector.startInternal(Connector.java:1008): Protocol handler start failed
at sun.nio.ch.Net.bind0(Native Method): Address already in use: bind
ERROR [org.springframework.boot.diagnostics.LoggingFailureAnalysisReporter] ***************************
APPLICATION FAILED TO START
***************************
Description:
The Tomcat connector configured to listen on port 8080 failed to start. The port may already be in use or the connector may be misconfigured.
Action:
Verify the connector's configuration, identify and stop any process that's listening on port 8080, or configure this application to listen on another port.
ERROR [org.apache.catalina.util.LifecycleBase] at org.apache.catalina.connector.Connector.startInternal(Connector.java:1008): Protocol handler start failed
at sun.nio.ch.Net.bind0(Native Method): Address already in use: bind
ERROR [org.springframework.boot.diagnostics.LoggingFailureAnalysisReporter] ***************************
APPLICATION FAILED TO START
***************************
Description:
The Tomcat connector configured to listen on port 8080 failed to start. The port may already be in use or the connector may be misconfigured.
Action:
Verify the connector's configuration, identify and stop any process that's listening on port 8080, or configure this application to listen on another port.
ERROR [org.apache.catalina.util.LifecycleBase] at org.apache.catalina.connector.Connector.startInternal(Connector.java:1008): Protocol handler start failed
at sun.nio.ch.Net.bind0(Native Method): Address already in use: bind
ERROR [org.springframework.boot.diagnostics.LoggingFailureAnalysisReporter] ***************************
APPLICATION FAILED TO START
***************************
Description:
The Tomcat connector configured to listen on port 8080 failed to start. The port may already be in use or the connector may be misconfigured.
Action:
Verify the connector's configuration, identify and stop any process that's listening on port 8080, or configure this application to listen on another port.
ERROR [org.apache.catalina.util.LifecycleBase] at org.apache.catalina.connector.Connector.startInternal(Connector.java:1008): Protocol handler start failed
at sun.nio.ch.Net.bind0(Native Method): Address already in use: bind
ERROR [org.springframework.boot.diagnostics.LoggingFailureAnalysisReporter] ***************************
APPLICATION FAILED TO START
***************************
Description:
The Tomcat connector configured to listen on port 8080 failed to start. The port may already be in use or the connector may be misconfigured.
Action:
Verify the connector's configuration, identify and stop any process that's listening on port 8080, or configure this application to listen on another port.
ERROR [org.apache.jsp.META_002dINF.views.framework.panic_jsp] HTTP GET /acme-incubator/META-INF/views/framework/page.jsp HTTP/1.1
ERROR [org.apache.jsp.META_002dINF.views.framework.panic_jsp] Status: 500
ERROR [org.apache.jsp.META_002dINF.views.framework.panic_jsp] Exception: java.lang.AssertionError
ERROR [org.apache.catalina.core.ContainerBase.[Tomcat].[localhost].[/acme-incubator].[jsp]] at org.apache.jasper.compiler.DefaultErrorHandler.jspError(DefaultErrorHandler.java:42): /META-INF/views/bookkeeper/accounting-record/form.jsp (line: [28], column: [40]) equal symbol expected
ERROR [org.apache.catalina.core.ContainerBase.[Tomcat].[localhost].[/acme-incubator].[jsp]] at org.apache.tiles.request.servlet.ServletUtil.wrapServletException(ServletUtil.java:63): JSPException including path '../bookkeeper/accounting-record/form.jsp'.
at org.apache.jasper.compiler.DefaultErrorHandler.jspError(DefaultErrorHandler.java:42): /META-INF/views/bookkeeper/accounting-record/form.jsp (line: [28], column: [40]) equal symbol expected
ERROR [org.apache.catalina.core.ContainerBase.[Tomcat].[localhost].[/acme-incubator].[dispatcherServlet]] at org.apache.jasper.compiler.DefaultErrorHandler.jspError(DefaultErrorHandler.java:42): /META-INF/views/bookkeeper/accounting-record/form.jsp (line: [28], column: [40]) equal symbol expected
ERROR [org.apache.jsp.META_002dINF.views.framework.panic_jsp] HTTP GET /acme-incubator/META-INF/views/framework/page.jsp HTTP/1.1
ERROR [org.apache.jsp.META_002dINF.views.framework.panic_jsp] Status: 500
ERROR [org.apache.jsp.META_002dINF.views.framework.panic_jsp] Exception: java.lang.AssertionError
ERROR [org.apache.catalina.core.ContainerBase.[Tomcat].[localhost].[/acme-incubator].[jsp]] at org.apache.jasper.compiler.DefaultErrorHandler.jspError(DefaultErrorHandler.java:42): /META-INF/views/bookkeeper/accounting-record/form.jsp (line: [28], column: [40]) equal symbol expected
ERROR [org.apache.catalina.core.ContainerBase.[Tomcat].[localhost].[/acme-incubator].[jsp]] at org.apache.tiles.request.servlet.ServletUtil.wrapServletException(ServletUtil.java:63): JSPException including path '../bookkeeper/accounting-record/form.jsp'.
at org.apache.jasper.compiler.DefaultErrorHandler.jspError(DefaultErrorHandler.java:42): /META-INF/views/bookkeeper/accounting-record/form.jsp (line: [28], column: [40]) equal symbol expected
ERROR [org.apache.catalina.core.ContainerBase.[Tomcat].[localhost].[/acme-incubator].[dispatcherServlet]] at org.apache.jasper.compiler.DefaultErrorHandler.jspError(DefaultErrorHandler.java:42): /META-INF/views/bookkeeper/accounting-record/form.jsp (line: [28], column: [40]) equal symbol expected
ERROR [org.apache.catalina.core.ContainerBase.[Tomcat].[localhost].[/acme-incubator].[jsp]] at org.apache.jasper.compiler.DefaultErrorHandler.jspError(DefaultErrorHandler.java:42): /META-INF/views/bookkeeper/accounting-record/form.jsp (line: [28], column: [40]) equal symbol expected
ERROR [org.apache.catalina.core.ContainerBase.[Tomcat].[localhost].[/acme-incubator].[jsp]] at org.apache.tiles.request.servlet.ServletUtil.wrapServletException(ServletUtil.java:63): JSPException including path '../bookkeeper/accounting-record/form.jsp'.
at org.apache.jasper.compiler.DefaultErrorHandler.jspError(DefaultErrorHandler.java:42): /META-INF/views/bookkeeper/accounting-record/form.jsp (line: [28], column: [40]) equal symbol expected
ERROR [org.apache.catalina.core.ContainerBase.[Tomcat].[localhost].[/acme-incubator].[dispatcherServlet]] at org.apache.jasper.compiler.DefaultErrorHandler.jspError(DefaultErrorHandler.java:42): /META-INF/views/bookkeeper/accounting-record/form.jsp (line: [28], column: [40]) equal symbol expected
ERROR [org.apache.catalina.core.ContainerBase.[Tomcat].[localhost].[/acme-incubator].[jsp]] at org.apache.jasper.compiler.DefaultErrorHandler.jspError(DefaultErrorHandler.java:42): /META-INF/views/bookkeeper/accounting-record/form.jsp (line: [28], column: [31]) equal symbol expected
ERROR [org.apache.catalina.core.ContainerBase.[Tomcat].[localhost].[/acme-incubator].[jsp]] at org.apache.tiles.request.servlet.ServletUtil.wrapServletException(ServletUtil.java:63): JSPException including path '../bookkeeper/accounting-record/form.jsp'.
at org.apache.jasper.compiler.DefaultErrorHandler.jspError(DefaultErrorHandler.java:42): /META-INF/views/bookkeeper/accounting-record/form.jsp (line: [28], column: [31]) equal symbol expected
ERROR [org.apache.catalina.core.ContainerBase.[Tomcat].[localhost].[/acme-incubator].[dispatcherServlet]] at org.apache.jasper.compiler.DefaultErrorHandler.jspError(DefaultErrorHandler.java:42): /META-INF/views/bookkeeper/accounting-record/form.jsp (line: [28], column: [31]) equal symbol expected
ERROR [org.apache.catalina.util.LifecycleBase] at org.apache.catalina.connector.Connector.startInternal(Connector.java:1008): Protocol handler start failed
at sun.nio.ch.Net.bind0(Native Method): Address already in use: bind
ERROR [org.springframework.boot.diagnostics.LoggingFailureAnalysisReporter] ***************************
APPLICATION FAILED TO START
***************************
Description:
The Tomcat connector configured to listen on port 8080 failed to start. The port may already be in use or the connector may be misconfigured.
Action:
Verify the connector's configuration, identify and stop any process that's listening on port 8080, or configure this application to listen on another port.
ERROR [org.apache.catalina.core.ContainerBase.[Tomcat].[localhost].[/acme-incubator].[jsp]] at org.apache.jasper.compiler.DefaultErrorHandler.jspError(DefaultErrorHandler.java:42): /META-INF/views/bookkeeper/accounting-record/form.jsp (line: [28], column: [4]) According to the TLD or the tag file, attribute [code] is mandatory for tag [form-option]
ERROR [org.apache.catalina.core.ContainerBase.[Tomcat].[localhost].[/acme-incubator].[jsp]] at org.apache.tiles.request.servlet.ServletUtil.wrapServletException(ServletUtil.java:63): JSPException including path '../bookkeeper/accounting-record/form.jsp'.
at org.apache.jasper.compiler.DefaultErrorHandler.jspError(DefaultErrorHandler.java:42): /META-INF/views/bookkeeper/accounting-record/form.jsp (line: [28], column: [4]) According to the TLD or the tag file, attribute [code] is mandatory for tag [form-option]
ERROR [org.apache.catalina.core.ContainerBase.[Tomcat].[localhost].[/acme-incubator].[dispatcherServlet]] at org.apache.jasper.compiler.DefaultErrorHandler.jspError(DefaultErrorHandler.java:42): /META-INF/views/bookkeeper/accounting-record/form.jsp (line: [28], column: [4]) According to the TLD or the tag file, attribute [code] is mandatory for tag [form-option]
ERROR [org.apache.catalina.core.ContainerBase.[Tomcat].[localhost].[/acme-incubator].[jsp]] at org.apache.jasper.compiler.DefaultErrorHandler.jspError(DefaultErrorHandler.java:42): /META-INF/views/bookkeeper/accounting-record/form.jsp (line: [27], column: [1]) According to TLD, tag [acme:form-checkbox] must be empty, but is not
ERROR [org.apache.catalina.core.ContainerBase.[Tomcat].[localhost].[/acme-incubator].[jsp]] at org.apache.tiles.request.servlet.ServletUtil.wrapServletException(ServletUtil.java:63): JSPException including path '../bookkeeper/accounting-record/form.jsp'.
at org.apache.jasper.compiler.DefaultErrorHandler.jspError(DefaultErrorHandler.java:42): /META-INF/views/bookkeeper/accounting-record/form.jsp (line: [27], column: [1]) According to TLD, tag [acme:form-checkbox] must be empty, but is not
ERROR [org.apache.catalina.core.ContainerBase.[Tomcat].[localhost].[/acme-incubator].[dispatcherServlet]] at org.apache.jasper.compiler.DefaultErrorHandler.jspError(DefaultErrorHandler.java:42): /META-INF/views/bookkeeper/accounting-record/form.jsp (line: [27], column: [1]) According to TLD, tag [acme:form-checkbox] must be empty, but is not
ERROR [org.apache.catalina.util.LifecycleBase] at org.apache.catalina.connector.Connector.startInternal(Connector.java:1008): Protocol handler start failed
at sun.nio.ch.Net.bind0(Native Method): Address already in use: bind
ERROR [org.springframework.boot.diagnostics.LoggingFailureAnalysisReporter] ***************************
APPLICATION FAILED TO START
***************************
Description:
The Tomcat connector configured to listen on port 8080 failed to start. The port may already be in use or the connector may be misconfigured.
Action:
Verify the connector's configuration, identify and stop any process that's listening on port 8080, or configure this application to listen on another port.
ERROR [org.apache.jsp.META_002dINF.views.framework.panic_jsp] HTTP POST /acme-incubator/META-INF/views/framework/page.jsp HTTP/1.1
ERROR [org.apache.jsp.META_002dINF.views.framework.panic_jsp] Status: 500
ERROR [org.apache.jsp.META_002dINF.views.framework.panic_jsp] Exception: acme.framework.helpers.Assert.state(Assert.java:40): Access is not authorised
ERROR [org.apache.jsp.META_002dINF.views.framework.panic_jsp] HTTP POST /acme-incubator/META-INF/views/framework/page.jsp HTTP/1.1
ERROR [org.apache.jsp.META_002dINF.views.framework.panic_jsp] Status: 500
ERROR [org.apache.jsp.META_002dINF.views.framework.panic_jsp] Exception: acme.framework.helpers.Assert.state(Assert.java:40): Access is not authorised
ERROR [org.apache.jsp.META_002dINF.views.framework.panic_jsp] HTTP GET /acme-incubator/META-INF/views/framework/page.jsp HTTP/1.1
ERROR [org.apache.jsp.META_002dINF.views.framework.panic_jsp] Status: 500
ERROR [org.apache.jsp.META_002dINF.views.framework.panic_jsp] Exception: java.lang.AssertionError
ERROR [org.apache.jsp.META_002dINF.views.framework.panic_jsp] HTTP GET /acme-incubator/META-INF/views/framework/page.jsp HTTP/1.1
ERROR [org.apache.jsp.META_002dINF.views.framework.panic_jsp] Status: 500
ERROR [org.apache.jsp.META_002dINF.views.framework.panic_jsp] Exception: java.lang.AssertionError
ERROR [org.apache.jsp.META_002dINF.views.framework.panic_jsp] HTTP GET /acme-incubator/META-INF/views/framework/page.jsp HTTP/1.1
ERROR [org.apache.jsp.META_002dINF.views.framework.panic_jsp] Status: 500
ERROR [org.apache.jsp.META_002dINF.views.framework.panic_jsp] Exception: java.lang.AssertionError
ERROR [org.apache.jsp.META_002dINF.views.framework.panic_jsp] HTTP GET /acme-incubator/META-INF/views/framework/page.jsp HTTP/1.1
ERROR [org.apache.jsp.META_002dINF.views.framework.panic_jsp] Status: 500
ERROR [org.apache.jsp.META_002dINF.views.framework.panic_jsp] Exception: java.lang.AssertionError
ERROR [org.apache.catalina.util.LifecycleBase] at org.apache.catalina.connector.Connector.startInternal(Connector.java:1008): Protocol handler start failed
at sun.nio.ch.Net.bind0(Native Method): Address already in use: bind
ERROR [org.springframework.boot.diagnostics.LoggingFailureAnalysisReporter] ***************************
APPLICATION FAILED TO START
***************************
Description:
The Tomcat connector configured to listen on port 8080 failed to start. The port may already be in use or the connector may be misconfigured.
Action:
Verify the connector's configuration, identify and stop any process that's listening on port 8080, or configure this application to listen on another port.
ERROR [org.apache.jsp.META_002dINF.views.framework.panic_jsp] HTTP GET /acme-incubator/META-INF/views/framework/page.jsp HTTP/1.1
ERROR [org.apache.jsp.META_002dINF.views.framework.panic_jsp] Status: 500
ERROR [org.apache.jsp.META_002dINF.views.framework.panic_jsp] Exception: java.lang.AssertionError
ERROR [org.apache.jsp.META_002dINF.views.framework.panic_jsp] HTTP GET /acme-incubator/META-INF/views/framework/page.jsp HTTP/1.1
ERROR [org.apache.jsp.META_002dINF.views.framework.panic_jsp] Status: 500
ERROR [org.apache.jsp.META_002dINF.views.framework.panic_jsp] Exception: acme.framework.helpers.Assert.state(Assert.java:40): Access is not authorised
ERROR [org.apache.jsp.META_002dINF.views.framework.panic_jsp] HTTP GET /acme-incubator/META-INF/views/framework/page.jsp HTTP/1.1
ERROR [org.apache.jsp.META_002dINF.views.framework.panic_jsp] Status: 500
ERROR [org.apache.jsp.META_002dINF.views.framework.panic_jsp] Exception: java.lang.AssertionError
ERROR [org.apache.jsp.META_002dINF.views.framework.panic_jsp] HTTP GET /acme-incubator/META-INF/views/framework/page.jsp HTTP/1.1
ERROR [org.apache.jsp.META_002dINF.views.framework.panic_jsp] Status: 500
ERROR [org.apache.jsp.META_002dINF.views.framework.panic_jsp] Exception: org.springframework.orm.jpa.EntityManagerFactoryUtils.convertJpaAccessExceptionIfPossible(EntityManagerFactoryUtils.java:384): query did not return a unique result: 2; nested exception is javax.persistence.NonUniqueResultException: query did not return a unique result: 2
org.hibernate.internal.ExceptionConverterImpl.convert(ExceptionConverterImpl.java:128): query did not return a unique result: 2
ERROR [org.apache.jsp.META_002dINF.views.framework.panic_jsp] HTTP GET /acme-incubator/META-INF/views/framework/page.jsp HTTP/1.1
ERROR [org.apache.jsp.META_002dINF.views.framework.panic_jsp] Status: 500
ERROR [org.apache.jsp.META_002dINF.views.framework.panic_jsp] Exception: org.springframework.orm.jpa.EntityManagerFactoryUtils.convertJpaAccessExceptionIfPossible(EntityManagerFactoryUtils.java:384): query did not return a unique result: 2; nested exception is javax.persistence.NonUniqueResultException: query did not return a unique result: 2
org.hibernate.internal.ExceptionConverterImpl.convert(ExceptionConverterImpl.java:128): query did not return a unique result: 2
ERROR [org.apache.jsp.META_002dINF.views.framework.panic_jsp] HTTP GET /acme-incubator/META-INF/views/framework/page.jsp HTTP/1.1
ERROR [org.apache.jsp.META_002dINF.views.framework.panic_jsp] Status: 500
ERROR [org.apache.jsp.META_002dINF.views.framework.panic_jsp] Exception: org.springframework.orm.jpa.EntityManagerFactoryUtils.convertJpaAccessExceptionIfPossible(EntityManagerFactoryUtils.java:384): query did not return a unique result: 2; nested exception is javax.persistence.NonUniqueResultException: query did not return a unique result: 2
org.hibernate.internal.ExceptionConverterImpl.convert(ExceptionConverterImpl.java:128): query did not return a unique result: 2
ERROR [org.apache.jsp.META_002dINF.views.framework.panic_jsp] HTTP GET /acme-incubator/META-INF/views/framework/page.jsp HTTP/1.1
ERROR [org.apache.jsp.META_002dINF.views.framework.panic_jsp] Status: 500
ERROR [org.apache.jsp.META_002dINF.views.framework.panic_jsp] Exception: org.springframework.orm.jpa.EntityManagerFactoryUtils.convertJpaAccessExceptionIfPossible(EntityManagerFactoryUtils.java:384): query did not return a unique result: 2; nested exception is javax.persistence.NonUniqueResultException: query did not return a unique result: 2
org.hibernate.internal.ExceptionConverterImpl.convert(ExceptionConverterImpl.java:128): query did not return a unique result: 2
ERROR [org.apache.jsp.META_002dINF.views.framework.panic_jsp] HTTP GET /acme-incubator/META-INF/views/framework/page.jsp HTTP/1.1
ERROR [org.apache.jsp.META_002dINF.views.framework.panic_jsp] Status: 500
ERROR [org.apache.jsp.META_002dINF.views.framework.panic_jsp] Exception: org.springframework.orm.jpa.EntityManagerFactoryUtils.convertJpaAccessExceptionIfPossible(EntityManagerFactoryUtils.java:384): query did not return a unique result: 2; nested exception is javax.persistence.NonUniqueResultException: query did not return a unique result: 2
org.hibernate.internal.ExceptionConverterImpl.convert(ExceptionConverterImpl.java:128): query did not return a unique result: 2
ERROR [org.apache.jsp.META_002dINF.views.framework.panic_jsp] HTTP GET /acme-incubator/META-INF/views/framework/page.jsp HTTP/1.1
ERROR [org.apache.jsp.META_002dINF.views.framework.panic_jsp] Status: 500
ERROR [org.apache.jsp.META_002dINF.views.framework.panic_jsp] Exception: acme.framework.helpers.Assert.state(Assert.java:40): End-point not available
ERROR [org.apache.jsp.META_002dINF.views.framework.panic_jsp] HTTP GET /acme-incubator/META-INF/views/framework/page.jsp HTTP/1.1
ERROR [org.apache.jsp.META_002dINF.views.framework.panic_jsp] Status: 500
ERROR [org.apache.jsp.META_002dINF.views.framework.panic_jsp] Exception: acme.framework.helpers.Assert.state(Assert.java:40): Access is not authorised
ERROR [org.apache.jsp.META_002dINF.views.framework.panic_jsp] HTTP GET /acme-incubator/META-INF/views/framework/page.jsp HTTP/1.1
ERROR [org.apache.jsp.META_002dINF.views.framework.panic_jsp] Status: 500
ERROR [org.apache.jsp.META_002dINF.views.framework.panic_jsp] Exception: java.lang.AssertionError
ERROR [org.apache.jsp.META_002dINF.views.framework.panic_jsp] HTTP GET /acme-incubator/META-INF/views/framework/page.jsp HTTP/1.1
ERROR [org.apache.jsp.META_002dINF.views.framework.panic_jsp] Status: 500
ERROR [org.apache.jsp.META_002dINF.views.framework.panic_jsp] Exception: java.lang.NullPointerException
ERROR [org.apache.jsp.META_002dINF.views.framework.panic_jsp] HTTP GET /acme-incubator/META-INF/views/framework/page.jsp HTTP/1.1
ERROR [org.apache.jsp.META_002dINF.views.framework.panic_jsp] Status: 500
ERROR [org.apache.jsp.META_002dINF.views.framework.panic_jsp] Exception: java.lang.AssertionError
ERROR [org.apache.jsp.META_002dINF.views.framework.panic_jsp] HTTP GET /acme-incubator/META-INF/views/framework/page.jsp HTTP/1.1
ERROR [org.apache.jsp.META_002dINF.views.framework.panic_jsp] Status: 500
ERROR [org.apache.jsp.META_002dINF.views.framework.panic_jsp] Exception: java.lang.AssertionError
ERROR [org.apache.jsp.META_002dINF.views.framework.panic_jsp] HTTP GET /acme-incubator/META-INF/views/framework/page.jsp HTTP/1.1
ERROR [org.apache.jsp.META_002dINF.views.framework.panic_jsp] Status: 500
ERROR [org.apache.jsp.META_002dINF.views.framework.panic_jsp] Exception: java.lang.AssertionError
ERROR [org.apache.jsp.META_002dINF.views.framework.panic_jsp] HTTP GET /acme-incubator/META-INF/views/framework/page.jsp HTTP/1.1
ERROR [org.apache.jsp.META_002dINF.views.framework.panic_jsp] Status: 500
ERROR [org.apache.jsp.META_002dINF.views.framework.panic_jsp] Exception: java.lang.AssertionError
ERROR [org.apache.jsp.META_002dINF.views.framework.panic_jsp] HTTP GET /acme-incubator/META-INF/views/framework/page.jsp HTTP/1.1
ERROR [org.apache.jsp.META_002dINF.views.framework.panic_jsp] Status: 500
ERROR [org.apache.jsp.META_002dINF.views.framework.panic_jsp] Exception: java.lang.AssertionError
ERROR [org.apache.jsp.META_002dINF.views.framework.panic_jsp] HTTP GET /acme-incubator/META-INF/views/framework/page.jsp HTTP/1.1
ERROR [org.apache.jsp.META_002dINF.views.framework.panic_jsp] Status: 500
ERROR [org.apache.jsp.META_002dINF.views.framework.panic_jsp] Exception: java.lang.NullPointerException
ERROR [org.apache.jsp.META_002dINF.views.framework.panic_jsp] HTTP GET /acme-incubator/META-INF/views/framework/page.jsp HTTP/1.1
ERROR [org.apache.jsp.META_002dINF.views.framework.panic_jsp] Status: 500
ERROR [org.apache.jsp.META_002dINF.views.framework.panic_jsp] Exception: java.lang.NullPointerException
ERROR [org.apache.jsp.META_002dINF.views.framework.panic_jsp] HTTP GET /acme-incubator/META-INF/views/framework/page.jsp HTTP/1.1
ERROR [org.apache.jsp.META_002dINF.views.framework.panic_jsp] Status: 500
ERROR [org.apache.jsp.META_002dINF.views.framework.panic_jsp] Exception: java.lang.AssertionError
ERROR [org.apache.jsp.META_002dINF.views.framework.panic_jsp] HTTP GET /acme-incubator/META-INF/views/framework/page.jsp HTTP/1.1
ERROR [org.apache.jsp.META_002dINF.views.framework.panic_jsp] Status: 500
ERROR [org.apache.jsp.META_002dINF.views.framework.panic_jsp] Exception: java.lang.AssertionError
ERROR [org.apache.jsp.META_002dINF.views.framework.panic_jsp] HTTP GET /acme-incubator/META-INF/views/framework/page.jsp HTTP/1.1
ERROR [org.apache.jsp.META_002dINF.views.framework.panic_jsp] Status: 500
ERROR [org.apache.jsp.META_002dINF.views.framework.panic_jsp] Exception: java.lang.AssertionError
ERROR [org.apache.jsp.META_002dINF.views.framework.panic_jsp] HTTP GET /acme-incubator/META-INF/views/framework/page.jsp HTTP/1.1
ERROR [org.apache.jsp.META_002dINF.views.framework.panic_jsp] Status: 500
ERROR [org.apache.jsp.META_002dINF.views.framework.panic_jsp] Exception: java.lang.NullPointerException
ERROR [org.apache.jsp.META_002dINF.views.framework.panic_jsp] HTTP GET /acme-incubator/META-INF/views/framework/page.jsp HTTP/1.1
ERROR [org.apache.jsp.META_002dINF.views.framework.panic_jsp] Status: 500
ERROR [org.apache.jsp.META_002dINF.views.framework.panic_jsp] Exception: java.lang.AssertionError
ERROR [org.apache.jsp.META_002dINF.views.framework.panic_jsp] HTTP GET /acme-incubator/META-INF/views/framework/page.jsp HTTP/1.1
ERROR [org.apache.jsp.META_002dINF.views.framework.panic_jsp] Status: 500
ERROR [org.apache.jsp.META_002dINF.views.framework.panic_jsp] Exception: java.lang.AssertionError
ERROR [org.apache.jsp.META_002dINF.views.framework.panic_jsp] HTTP GET /acme-incubator/META-INF/views/framework/page.jsp HTTP/1.1
ERROR [org.apache.jsp.META_002dINF.views.framework.panic_jsp] Status: 500
ERROR [org.apache.jsp.META_002dINF.views.framework.panic_jsp] Exception: java.lang.NullPointerException
ERROR [org.apache.jsp.META_002dINF.views.framework.panic_jsp] HTTP GET /acme-incubator/META-INF/views/framework/page.jsp HTTP/1.1
ERROR [org.apache.jsp.META_002dINF.views.framework.panic_jsp] Status: 500
ERROR [org.apache.jsp.META_002dINF.views.framework.panic_jsp] Exception: java.lang.AssertionError
ERROR [org.apache.jsp.META_002dINF.views.framework.panic_jsp] HTTP GET /acme-incubator/META-INF/views/framework/page.jsp HTTP/1.1
ERROR [org.apache.jsp.META_002dINF.views.framework.panic_jsp] Status: 500
ERROR [org.apache.jsp.META_002dINF.views.framework.panic_jsp] Exception: java.lang.AssertionError
ERROR [org.apache.jsp.META_002dINF.views.framework.panic_jsp] HTTP GET /acme-incubator/META-INF/views/framework/page.jsp HTTP/1.1
ERROR [org.apache.jsp.META_002dINF.views.framework.panic_jsp] Status: 500
ERROR [org.apache.jsp.META_002dINF.views.framework.panic_jsp] Exception: java.lang.NullPointerException
ERROR [org.apache.jsp.META_002dINF.views.framework.panic_jsp] HTTP GET /acme-incubator/META-INF/views/framework/page.jsp HTTP/1.1
ERROR [org.apache.jsp.META_002dINF.views.framework.panic_jsp] Status: 500
ERROR [org.apache.jsp.META_002dINF.views.framework.panic_jsp] Exception: java.lang.NullPointerException
ERROR [org.apache.jsp.META_002dINF.views.framework.panic_jsp] HTTP GET /acme-incubator/META-INF/views/framework/page.jsp HTTP/1.1
ERROR [org.apache.jsp.META_002dINF.views.framework.panic_jsp] Status: 500
ERROR [org.apache.jsp.META_002dINF.views.framework.panic_jsp] Exception: java.lang.NullPointerException
ERROR [org.apache.jsp.META_002dINF.views.framework.panic_jsp] HTTP GET /acme-incubator/META-INF/views/framework/page.jsp HTTP/1.1
ERROR [org.apache.jsp.META_002dINF.views.framework.panic_jsp] Status: 500
ERROR [org.apache.jsp.META_002dINF.views.framework.panic_jsp] Exception: java.lang.NullPointerException
